nohup: ignoring input
Namespace(lr=0.01, attack='none', num_exp=5)
the 0 exp: 0.8367
the 1 exp: 0.6305
the 2 exp: 0.4752
the 3 exp: 0.9780
the 4 exp: 0.4918
final result: 0.6824 ± 0.1965
Namespace(lr=0.02, attack='none', num_exp=5)
the 0 exp: 0.7986
the 1 exp: 0.4489
the 2 exp: 0.2516
the 3 exp: 0.7307
the 4 exp: 0.9569
final result: 0.6373 ± 0.2534
Namespace(lr=0.03, attack='none', num_exp=5)
the 0 exp: 0.3890
the 1 exp: 0.2907
the 2 exp: 0.6818
the 3 exp: 0.9594
the 4 exp: 0.0555
final result: 0.4753 ± 0.3145
Namespace(lr=0.01, attack='target', num_exp=5)
the 0 exp: 0.3792
the 1 exp: 0.0100
the 2 exp: 0.2033
the 3 exp: 0.3356
the 4 exp: 0.8656
final result: 0.3588 ± 0.2841
Namespace(lr=0.02, attack='target', num_exp=5)
the 0 exp: 0.6491
the 1 exp: 0.4152
the 2 exp: 0.4035
the 3 exp: 0.2257
the 4 exp: 0.2610
final result: 0.3909 ± 0.1494
Namespace(lr=0.03, attack='target', num_exp=5)
the 0 exp: 0.6870
the 1 exp: 0.1767
the 2 exp: 0.5756
the 3 exp: 0.1603
the 4 exp: 0.1837
final result: 0.3567 ± 0.2271
Namespace(lr=0.01, attack='notarget', num_exp=5)
the 0 exp: 0.6974
the 1 exp: 0.3749
the 2 exp: 0.2064
the 3 exp: 0.2785
the 4 exp: 0.5024
final result: 0.4119 ± 0.1738
Namespace(lr=0.02, attack='notarget', num_exp=5)
the 0 exp: 0.4529
the 1 exp: 0.0529
the 2 exp: 0.8991
the 3 exp: 0.0548
the 4 exp: 0.4872
final result: 0.3894 ± 0.3158
Namespace(lr=0.03, attack='notarget', num_exp=5)
the 0 exp: 0.8082
the 1 exp: 0.4300
the 2 exp: 0.7225
the 3 exp: 0.7621
the 4 exp: 0.4344
final result: 0.6314 ± 0.1649
